<?xml version="1.0" encoding="UTF-8"?>
<!-- Generated by org.testng.reporters.JUnitXMLReporter -->
<testsuite hostname="mashaikh-C02DQF43MD6N.local" ignored="0" name="Surefire test" tests="4" failures="0" timestamp="2022-09-26T16:46:18 IST" time="0.034" errors="0">
  <testcase name="@BeforeClass setup" time="-1.66419097843E9" classname="Pavan_PageObjectModel_TestCases.BaseClass">
    <failure type="org.testng.TestNGException" message="
Parameter &amp;apos;browser&amp;apos; is required by BeforeClass on method setup but has not been marked @Optional or defined
">
      <![CDATA[org.testng.TestNGException: 
Parameter 'browser' is required by BeforeClass on method setup but has not been marked @Optional or defined

at java.util.ArrayList.forEach(ArrayList.java:1259)
... Removed 27 stack frames]]>
    </failure>
  </testcase> <!-- @BeforeClass setup -->
  <testcase name="@AfterClass tearDown" time="0.0" classname="Pavan_PageObjectModel_TestCases.BaseClass">
    <skipped/>
  </testcase> <!-- @AfterClass tearDown -->
  <testcase name="@BeforeClass setup" time="-1.664190978451E9" classname="Pavan_PageObjectModel_TestCases.BaseClass">
    <failure type="org.testng.TestNGException" message="
Parameter &amp;apos;browser&amp;apos; is required by BeforeClass on method setup but has not been marked @Optional or defined
">
      <![CDATA[org.testng.TestNGException: 
Parameter 'browser' is required by BeforeClass on method setup but has not been marked @Optional or defined

at java.util.ArrayList.forEach(ArrayList.java:1259)
... Removed 27 stack frames]]>
    </failure>
  </testcase> <!-- @BeforeClass setup -->
  <testcase name="@AfterClass tearDown" time="0.0" classname="Pavan_PageObjectModel_TestCases.BaseClass">
    <skipped/>
  </testcase> <!-- @AfterClass tearDown -->
  <testcase name="loginDDT" time="0.0" classname="Pavan_PageObjectModel_TestCases.TC_LoginTestDDT_002_Test">
    <skipped/>
  </testcase> <!-- loginDDT -->
  <testcase name="loginDDT" time="0.0" classname="Pavan_PageObjectModel_TestCases.TC_LoginTestDDT_002_Test">
    <skipped/>
  </testcase> <!-- loginDDT -->
  <testcase name="loginDDT" time="0.0" classname="Pavan_PageObjectModel_TestCases.TC_LoginTestDDT_002_Test">
    <skipped/>
  </testcase> <!-- loginDDT -->
  <testcase name="loginTest" time="0.0" classname="Pavan_PageObjectModel_TestCases.TC_LoginTest_001_Test">
    <skipped/>
  </testcase> <!-- loginTest -->
</testsuite> <!-- Surefire test -->
